Determining if the pthread_create exist failed with the following output:
Change Dir: /home/dahu/Desktop/pedestrain/build/CMakeFiles/CMakeTmp

Run Build Command:"/usr/bin/make" "cmTC_76fb0/fast"
/usr/bin/make -f CMakeFiles/cmTC_76fb0.dir/build.make CMakeFiles/cmTC_76fb0.dir/build
make[1]: Entering directory '/home/dahu/Desktop/pedestrain/build/CMakeFiles/CMakeTmp'
Building C object CMakeFiles/cmTC_76fb0.dir/CheckSymbolExists.c.o
/usr/bin/cc    -std=c++11   -o CMakeFiles/cmTC_76fb0.dir/CheckSymbolExists.c.o   -c /home/dahu/Desktop/pedestrain/build/CMakeFiles/CMakeTmp/CheckSymbolExists.c
cc1: warning: command line option ‘-std=c++11’ is valid for C++/ObjC++ but not for C
Linking C executable cmTC_76fb0
/usr/bin/cmake -E cmake_link_script CMakeFiles/cmTC_76fb0.dir/link.txt --verbose=1
/usr/bin/cc   -std=c++11    CMakeFiles/cmTC_76fb0.dir/CheckSymbolExists.c.o  -o cmTC_76fb0 -rdynamic 
CMakeFiles/cmTC_76fb0.dir/CheckSymbolExists.c.o: In function `main':
CheckSymbolExists.c:(.text+0x16): undefined reference to `pthread_create'
collect2: error: ld returned 1 exit status
CMakeFiles/cmTC_76fb0.dir/build.make:97: recipe for target 'cmTC_76fb0' failed
make[1]: *** [cmTC_76fb0] Error 1
make[1]: Leaving directory '/home/dahu/Desktop/pedestrain/build/CMakeFiles/CMakeTmp'
Makefile:126: recipe for target 'cmTC_76fb0/fast' failed
make: *** [cmTC_76fb0/fast] Error 2

File /home/dahu/Desktop/pedestrain/build/CMakeFiles/CMakeTmp/CheckSymbolExists.c:
/* */
#include <pthread.h>

int main(int argc, char** argv)
{
  (void)argv;
#ifndef pthread_create
  return ((int*)(&pthread_create))[argc];
#else
  (void)argc;
  return 0;
#endif
}

Determining if the function pthread_create exists in the pthreads failed with the following output:
Change Dir: /home/dahu/Desktop/pedestrain/build/CMakeFiles/CMakeTmp

Run Build Command:"/usr/bin/make" "cmTC_d5f9e/fast"
/usr/bin/make -f CMakeFiles/cmTC_d5f9e.dir/build.make CMakeFiles/cmTC_d5f9e.dir/build
make[1]: Entering directory '/home/dahu/Desktop/pedestrain/build/CMakeFiles/CMakeTmp'
Building C object CMakeFiles/cmTC_d5f9e.dir/CheckFunctionExists.c.o
/usr/bin/cc    -DCHECK_FUNCTION_EXISTS=pthread_create -std=c++11   -o CMakeFiles/cmTC_d5f9e.dir/CheckFunctionExists.c.o   -c /usr/share/cmake-3.5/Modules/CheckFunctionExists.c
cc1: warning: command line option ‘-std=c++11’ is valid for C++/ObjC++ but not for C
Linking C executable cmTC_d5f9e
/usr/bin/cmake -E cmake_link_script CMakeFiles/cmTC_d5f9e.dir/link.txt --verbose=1
/usr/bin/cc   -DCHECK_FUNCTION_EXISTS=pthread_create -std=c++11    CMakeFiles/cmTC_d5f9e.dir/CheckFunctionExists.c.o  -o cmTC_d5f9e -rdynamic -lpthreads 
/usr/bin/ld: cannot find -lpthreads
collect2: error: ld returned 1 exit status
CMakeFiles/cmTC_d5f9e.dir/build.make:97: recipe for target 'cmTC_d5f9e' failed
make[1]: *** [cmTC_d5f9e] Error 1
make[1]: Leaving directory '/home/dahu/Desktop/pedestrain/build/CMakeFiles/CMakeTmp'
Makefile:126: recipe for target 'cmTC_d5f9e/fast' failed
make: *** [cmTC_d5f9e/fast] Error 2


